{"/home/maithy/Workplace/ts/NATIVE/OggyStoreManagement/app/index.tsx": {"path":"/home/maithy/Workplace/ts/NATIVE/OggyStoreManagement/app/index.tsx","statementMap":{"0":{"start":{"line":10,"column":14},"end":{"line":52,"column":1}},"1":{"start":{"line":11,"column":15},"end":{"line":11,"column":28}},"2":{"start":{"line":13,"column":2},"end":{"line":25,"column":9}},"3":{"start":{"line":14,"column":24},"end":{"line":22,"column":6}},"4":{"start":{"line":15,"column":6},"end":{"line":21,"column":15}},"5":{"start":{"line":16,"column":8},"end":{"line":20,"column":9}},"6":{"start":{"line":17,"column":10},"end":{"line":17,"column":38}},"7":{"start":{"line":19,"column":10},"end":{"line":19,"column":48}},"8":{"start":{"line":24,"column":4},"end":{"line":24,"column":31}},"9":{"start":{"line":24,"column":17},"end":{"line":24,"column":30}},"10":{"start":{"line":27,"column":2},"end":{"line":51,"column":4}}},"fnMap":{"0":{"name":"(anonymous_0)","decl":{"start":{"line":10,"column":14},"end":{"line":10,"column":15}},"loc":{"start":{"line":10,"column":20},"end":{"line":52,"column":1}},"line":10},"1":{"name":"(anonymous_1)","decl":{"start":{"line":13,"column":12},"end":{"line":13,"column":13}},"loc":{"start":{"line":13,"column":18},"end":{"line":25,"column":3}},"line":13},"2":{"name":"(anonymous_2)","decl":{"start":{"line":14,"column":49},"end":{"line":14,"column":50}},"loc":{"start":{"line":14,"column":59},"end":{"line":22,"column":5}},"line":14},"3":{"name":"(anonymous_3)","decl":{"start":{"line":15,"column":17},"end":{"line":15,"column":18}},"loc":{"start":{"line":15,"column":23},"end":{"line":21,"column":7}},"line":15},"4":{"name":"(anonymous_4)","decl":{"start":{"line":24,"column":11},"end":{"line":24,"column":12}},"loc":{"start":{"line":24,"column":17},"end":{"line":24,"column":30}},"line":24}},"branchMap":{"0":{"loc":{"start":{"line":16,"column":8},"end":{"line":20,"column":9}},"type":"if","locations":[{"start":{"line":16,"column":8},"end":{"line":20,"column":9}},{"start":{"line":18,"column":15},"end":{"line":20,"column":9}}],"line":16}},"s":{"0":0,"1":0,"2":0,"3":0,"4":0,"5":0,"6":0,"7":0,"8":0,"9":0,"10":0},"f":{"0":0,"1":0,"2":0,"3":0,"4":0},"b":{"0":[0,0]}}
,"/home/maithy/Workplace/ts/NATIVE/OggyStoreManagement/app/(authens)/_layout.tsx": {"path":"/home/maithy/Workplace/ts/NATIVE/OggyStoreManagement/app/(authens)/_layout.tsx","statementMap":{"0":{"start":{"line":4,"column":19},"end":{"line":22,"column":1}},"1":{"start":{"line":5,"column":2},"end":{"line":21,"column":4}}},"fnMap":{"0":{"name":"(anonymous_0)","decl":{"start":{"line":4,"column":19},"end":{"line":4,"column":20}},"loc":{"start":{"line":4,"column":25},"end":{"line":22,"column":1}},"line":4}},"branchMap":{},"s":{"0":0,"1":0},"f":{"0":0},"b":{}}
,"/home/maithy/Workplace/ts/NATIVE/OggyStoreManagement/app/(authens)/sign-in.tsx": {"path":"/home/maithy/Workplace/ts/NATIVE/OggyStoreManagement/app/(authens)/sign-in.tsx","statementMap":{"0":{"start":{"line":20,"column":15},"end":{"line":189,"column":1}},"1":{"start":{"line":21,"column":15},"end":{"line":21,"column":24}},"2":{"start":{"line":22,"column":15},"end":{"line":22,"column":26}},"3":{"start":{"line":23,"column":36},"end":{"line":23,"column":73}},"4":{"start":{"line":24,"column":38},"end":{"line":24,"column":53}},"5":{"start":{"line":25,"column":44},"end":{"line":25,"column":59}},"6":{"start":{"line":26,"column":32},"end":{"line":26,"column":56}},"7":{"start":{"line":28,"column":30},"end":{"line":28,"column":52}},"8":{"start":{"line":30,"column":2},"end":{"line":37,"column":24}},"9":{"start":{"line":31,"column":4},"end":{"line":36,"column":5}},"10":{"start":{"line":32,"column":6},"end":{"line":35,"column":9}},"11":{"start":{"line":39,"column":17},"end":{"line":64,"column":3}},"12":{"start":{"line":40,"column":4},"end":{"line":42,"column":5}},"13":{"start":{"line":41,"column":6},"end":{"line":41,"column":63}},"14":{"start":{"line":43,"column":4},"end":{"line":43,"column":20}},"15":{"start":{"line":44,"column":4},"end":{"line":63,"column":5}},"16":{"start":{"line":45,"column":6},"end":{"line":58,"column":11}},"17":{"start":{"line":51,"column":23},"end":{"line":51,"column":42}},"18":{"start":{"line":52,"column":10},"end":{"line":52,"column":28}},"19":{"start":{"line":53,"column":10},"end":{"line":53,"column":34}},"20":{"start":{"line":56,"column":31},"end":{"line":56,"column":44}},"21":{"start":{"line":57,"column":10},"end":{"line":57,"column":78}},"22":{"start":{"line":60,"column":6},"end":{"line":60,"column":41}},"23":{"start":{"line":62,"column":6},"end":{"line":62,"column":23}},"24":{"start":{"line":66,"column":2},"end":{"line":188,"column":4}},"25":{"start":{"line":106,"column":31},"end":{"line":106,"column":50}},"26":{"start":{"line":107,"column":30},"end":{"line":107,"column":50}},"27":{"start":{"line":110,"column":39},"end":{"line":110,"column":79}},"28":{"start":{"line":124,"column":31},"end":{"line":124,"column":53}},"29":{"start":{"line":125,"column":30},"end":{"line":125,"column":53}},"30":{"start":{"line":132,"column":20},"end":{"line":132,"column":63}}},"fnMap":{"0":{"name":"(anonymous_0)","decl":{"start":{"line":20,"column":15},"end":{"line":20,"column":16}},"loc":{"start":{"line":20,"column":21},"end":{"line":189,"column":1}},"line":20},"1":{"name":"(anonymous_1)","decl":{"start":{"line":30,"column":18},"end":{"line":30,"column":19}},"loc":{"start":{"line":30,"column":24},"end":{"line":37,"column":3}},"line":30},"2":{"name":"(anonymous_2)","decl":{"start":{"line":39,"column":17},"end":{"line":39,"column":18}},"loc":{"start":{"line":39,"column":29},"end":{"line":64,"column":3}},"line":39},"3":{"name":"(anonymous_3)","decl":{"start":{"line":50,"column":14},"end":{"line":50,"column":15}},"loc":{"start":{"line":50,"column":34},"end":{"line":54,"column":9}},"line":50},"4":{"name":"(anonymous_4)","decl":{"start":{"line":55,"column":15},"end":{"line":55,"column":16}},"loc":{"start":{"line":55,"column":26},"end":{"line":58,"column":9}},"line":55},"5":{"name":"(anonymous_5)","decl":{"start":{"line":106,"column":27},"end":{"line":106,"column":28}},"loc":{"start":{"line":106,"column":31},"end":{"line":106,"column":50}},"line":106},"6":{"name":"(anonymous_6)","decl":{"start":{"line":107,"column":26},"end":{"line":107,"column":27}},"loc":{"start":{"line":107,"column":30},"end":{"line":107,"column":50}},"line":107},"7":{"name":"(anonymous_7)","decl":{"start":{"line":110,"column":32},"end":{"line":110,"column":33}},"loc":{"start":{"line":110,"column":39},"end":{"line":110,"column":79}},"line":110},"8":{"name":"(anonymous_8)","decl":{"start":{"line":124,"column":27},"end":{"line":124,"column":28}},"loc":{"start":{"line":124,"column":31},"end":{"line":124,"column":53}},"line":124},"9":{"name":"(anonymous_9)","decl":{"start":{"line":125,"column":26},"end":{"line":125,"column":27}},"loc":{"start":{"line":125,"column":30},"end":{"line":125,"column":53}},"line":125},"10":{"name":"(anonymous_10)","decl":{"start":{"line":131,"column":32},"end":{"line":131,"column":33}},"loc":{"start":{"line":132,"column":20},"end":{"line":132,"column":63}},"line":132}},"branchMap":{"0":{"loc":{"start":{"line":31,"column":4},"end":{"line":36,"column":5}},"type":"if","locations":[{"start":{"line":31,"column":4},"end":{"line":36,"column":5}},{"start":{},"end":{}}],"line":31},"1":{"loc":{"start":{"line":31,"column":8},"end":{"line":31,"column":25}},"type":"binary-expr","locations":[{"start":{"line":31,"column":8},"end":{"line":31,"column":13}},{"start":{"line":31,"column":17},"end":{"line":31,"column":25}}],"line":31},"2":{"loc":{"start":{"line":33,"column":15},"end":{"line":33,"column":60}},"type":"cond-expr","locations":[{"start":{"line":33,"column":38},"end":{"line":33,"column":46}},{"start":{"line":33,"column":49},"end":{"line":33,"column":60}}],"line":33},"3":{"loc":{"start":{"line":33,"column":49},"end":{"line":33,"column":60}},"type":"binary-expr","locations":[{"start":{"line":33,"column":49},"end":{"line":33,"column":54}},{"start":{"line":33,"column":58},"end":{"line":33,"column":60}}],"line":33},"4":{"loc":{"start":{"line":34,"column":18},"end":{"line":34,"column":72}},"type":"cond-expr","locations":[{"start":{"line":34,"column":44},"end":{"line":34,"column":55}},{"start":{"line":34,"column":58},"end":{"line":34,"column":72}}],"line":34},"5":{"loc":{"start":{"line":34,"column":58},"end":{"line":34,"column":72}},"type":"binary-expr","locations":[{"start":{"line":34,"column":58},"end":{"line":34,"column":66}},{"start":{"line":34,"column":70},"end":{"line":34,"column":72}}],"line":34},"6":{"loc":{"start":{"line":40,"column":4},"end":{"line":42,"column":5}},"type":"if","locations":[{"start":{"line":40,"column":4},"end":{"line":42,"column":5}},{"start":{},"end":{}}],"line":40},"7":{"loc":{"start":{"line":40,"column":8},"end":{"line":40,"column":47}},"type":"binary-expr","locations":[{"start":{"line":40,"column":8},"end":{"line":40,"column":24}},{"start":{"line":40,"column":28},"end":{"line":40,"column":47}}],"line":40},"8":{"loc":{"start":{"line":70,"column":18},"end":{"line":70,"column":63}},"type":"cond-expr","locations":[{"start":{"line":70,"column":42},"end":{"line":70,"column":51}},{"start":{"line":70,"column":54},"end":{"line":70,"column":63}}],"line":70},"9":{"loc":{"start":{"line":84,"column":16},"end":{"line":84,"column":69}},"type":"cond-expr","locations":[{"start":{"line":84,"column":46},"end":{"line":84,"column":58}},{"start":{"line":84,"column":61},"end":{"line":84,"column":69}}],"line":84},"10":{"loc":{"start":{"line":84,"column":16},"end":{"line":84,"column":43}},"type":"binary-expr","locations":[{"start":{"line":84,"column":16},"end":{"line":84,"column":26}},{"start":{"line":84,"column":30},"end":{"line":84,"column":43}}],"line":84},"11":{"loc":{"start":{"line":101,"column":18},"end":{"line":101,"column":67}},"type":"cond-expr","locations":[{"start":{"line":101,"column":31},"end":{"line":101,"column":46}},{"start":{"line":101,"column":49},"end":{"line":101,"column":67}}],"line":101},"12":{"loc":{"start":{"line":119,"column":18},"end":{"line":119,"column":70}},"type":"cond-expr","locations":[{"start":{"line":119,"column":34},"end":{"line":119,"column":49}},{"start":{"line":119,"column":52},"end":{"line":119,"column":70}}],"line":119},"13":{"loc":{"start":{"line":139,"column":15},"end":{"line":139,"column":37}},"type":"binary-expr","locations":[{"start":{"line":139,"column":15},"end":{"line":139,"column":22}},{"start":{"line":139,"column":26},"end":{"line":139,"column":37}}],"line":139}},"s":{"0":0,"1":0,"2":0,"3":0,"4":0,"5":0,"6":0,"7":0,"8":0,"9":0,"10":0,"11":0,"12":0,"13":0,"14":0,"15":0,"16":0,"17":0,"18":0,"19":0,"20":0,"21":0,"22":0,"23":0,"24":0,"25":0,"26":0,"27":0,"28":0,"29":0,"30":0},"f":{"0":0,"1":0,"2":0,"3":0,"4":0,"5":0,"6":0,"7":0,"8":0,"9":0,"10":0},"b":{"0":[0,0],"1":[0,0],"2":[0,0],"3":[0,0],"4":[0,0],"5":[0,0],"6":[0,0],"7":[0,0],"8":[0,0],"9":[0,0],"10":[0,0],"11":[0,0],"12":[0,0],"13":[0,0]}}
,"/home/maithy/Workplace/ts/NATIVE/OggyStoreManagement/app/(authens)/sign-up.tsx": {"path":"/home/maithy/Workplace/ts/NATIVE/OggyStoreManagement/app/(authens)/sign-up.tsx","statementMap":{"0":{"start":{"line":20,"column":15},"end":{"line":175,"column":1}},"1":{"start":{"line":21,"column":15},"end":{"line":21,"column":24}},"2":{"start":{"line":22,"column":36},"end":{"line":22,"column":73}},"3":{"start":{"line":23,"column":38},"end":{"line":23,"column":53}},"4":{"start":{"line":24,"column":44},"end":{"line":24,"column":59}},"5":{"start":{"line":25,"column":32},"end":{"line":25,"column":56}},"6":{"start":{"line":27,"column":17},"end":{"line":48,"column":3}},"7":{"start":{"line":28,"column":4},"end":{"line":30,"column":5}},"8":{"start":{"line":29,"column":6},"end":{"line":29,"column":63}},"9":{"start":{"line":31,"column":4},"end":{"line":31,"column":21}},"10":{"start":{"line":32,"column":4},"end":{"line":47,"column":5}},"11":{"start":{"line":33,"column":29},"end":{"line":37,"column":7}},"12":{"start":{"line":38,"column":19},"end":{"line":38,"column":38}},"13":{"start":{"line":40,"column":6},"end":{"line":40,"column":37}},"14":{"start":{"line":41,"column":6},"end":{"line":41,"column":103}},"15":{"start":{"line":43,"column":20},"end":{"line":43,"column":30}},"16":{"start":{"line":44,"column":6},"end":{"line":44,"column":64}},"17":{"start":{"line":46,"column":6},"end":{"line":46,"column":24}},"18":{"start":{"line":50,"column":2},"end":{"line":174,"column":4}},"19":{"start":{"line":90,"column":33},"end":{"line":90,"column":52}},"20":{"start":{"line":91,"column":32},"end":{"line":91,"column":52}},"21":{"start":{"line":94,"column":39},"end":{"line":94,"column":79}},"22":{"start":{"line":108,"column":33},"end":{"line":108,"column":55}},"23":{"start":{"line":109,"column":32},"end":{"line":109,"column":55}},"24":{"start":{"line":116,"column":20},"end":{"line":116,"column":63}}},"fnMap":{"0":{"name":"(anonymous_0)","decl":{"start":{"line":20,"column":15},"end":{"line":20,"column":16}},"loc":{"start":{"line":20,"column":21},"end":{"line":175,"column":1}},"line":20},"1":{"name":"(anonymous_1)","decl":{"start":{"line":27,"column":17},"end":{"line":27,"column":18}},"loc":{"start":{"line":27,"column":29},"end":{"line":48,"column":3}},"line":27},"2":{"name":"(anonymous_2)","decl":{"start":{"line":90,"column":27},"end":{"line":90,"column":28}},"loc":{"start":{"line":90,"column":33},"end":{"line":90,"column":52}},"line":90},"3":{"name":"(anonymous_3)","decl":{"start":{"line":91,"column":26},"end":{"line":91,"column":27}},"loc":{"start":{"line":91,"column":32},"end":{"line":91,"column":52}},"line":91},"4":{"name":"(anonymous_4)","decl":{"start":{"line":94,"column":32},"end":{"line":94,"column":33}},"loc":{"start":{"line":94,"column":39},"end":{"line":94,"column":79}},"line":94},"5":{"name":"(anonymous_5)","decl":{"start":{"line":108,"column":27},"end":{"line":108,"column":28}},"loc":{"start":{"line":108,"column":33},"end":{"line":108,"column":55}},"line":108},"6":{"name":"(anonymous_6)","decl":{"start":{"line":109,"column":26},"end":{"line":109,"column":27}},"loc":{"start":{"line":109,"column":32},"end":{"line":109,"column":55}},"line":109},"7":{"name":"(anonymous_7)","decl":{"start":{"line":115,"column":32},"end":{"line":115,"column":33}},"loc":{"start":{"line":116,"column":20},"end":{"line":116,"column":63}},"line":116}},"branchMap":{"0":{"loc":{"start":{"line":28,"column":4},"end":{"line":30,"column":5}},"type":"if","locations":[{"start":{"line":28,"column":4},"end":{"line":30,"column":5}},{"start":{},"end":{}}],"line":28},"1":{"loc":{"start":{"line":28,"column":8},"end":{"line":28,"column":47}},"type":"binary-expr","locations":[{"start":{"line":28,"column":8},"end":{"line":28,"column":24}},{"start":{"line":28,"column":28},"end":{"line":28,"column":47}}],"line":28},"2":{"loc":{"start":{"line":44,"column":44},"end":{"line":44,"column":62}},"type":"binary-expr","locations":[{"start":{"line":44,"column":44},"end":{"line":44,"column":57}},{"start":{"line":44,"column":61},"end":{"line":44,"column":62}}],"line":44},"3":{"loc":{"start":{"line":54,"column":18},"end":{"line":54,"column":63}},"type":"cond-expr","locations":[{"start":{"line":54,"column":42},"end":{"line":54,"column":51}},{"start":{"line":54,"column":54},"end":{"line":54,"column":63}}],"line":54},"4":{"loc":{"start":{"line":68,"column":16},"end":{"line":68,"column":69}},"type":"cond-expr","locations":[{"start":{"line":68,"column":46},"end":{"line":68,"column":58}},{"start":{"line":68,"column":61},"end":{"line":68,"column":69}}],"line":68},"5":{"loc":{"start":{"line":68,"column":16},"end":{"line":68,"column":43}},"type":"binary-expr","locations":[{"start":{"line":68,"column":16},"end":{"line":68,"column":26}},{"start":{"line":68,"column":30},"end":{"line":68,"column":43}}],"line":68},"6":{"loc":{"start":{"line":85,"column":18},"end":{"line":85,"column":67}},"type":"cond-expr","locations":[{"start":{"line":85,"column":31},"end":{"line":85,"column":46}},{"start":{"line":85,"column":49},"end":{"line":85,"column":67}}],"line":85},"7":{"loc":{"start":{"line":103,"column":18},"end":{"line":103,"column":70}},"type":"cond-expr","locations":[{"start":{"line":103,"column":34},"end":{"line":103,"column":49}},{"start":{"line":103,"column":52},"end":{"line":103,"column":70}}],"line":103},"8":{"loc":{"start":{"line":122,"column":15},"end":{"line":122,"column":37}},"type":"binary-expr","locations":[{"start":{"line":122,"column":15},"end":{"line":122,"column":22}},{"start":{"line":122,"column":26},"end":{"line":122,"column":37}}],"line":122}},"s":{"0":0,"1":0,"2":0,"3":0,"4":0,"5":0,"6":0,"7":0,"8":0,"9":0,"10":0,"11":0,"12":0,"13":0,"14":0,"15":0,"16":0,"17":0,"18":0,"19":0,"20":0,"21":0,"22":0,"23":0,"24":0},"f":{"0":0,"1":0,"2":0,"3":0,"4":0,"5":0,"6":0,"7":0},"b":{"0":[0,0],"1":[0,0],"2":[0,0],"3":[0,0],"4":[0,0],"5":[0,0],"6":[0,0],"7":[0,0],"8":[0,0]}}
,"/home/maithy/Workplace/ts/NATIVE/OggyStoreManagement/config/jest.config.js": {"path":"/home/maithy/Workplace/ts/NATIVE/OggyStoreManagement/config/jest.config.js","statementMap":{"0":{"start":{"line":1,"column":0},"end":{"line":12,"column":2}}},"fnMap":{},"branchMap":{},"s":{"0":0},"f":{},"b":{}}
}
